<?xml version="1.0" encoding="UTF-8"?>
<!-- Generated by org.testng.reporters.JUnitXMLReporter -->
<testsuite ignored="0" hostname="DESKTOP-8R1H2OG" failures="1" tests="2" name="Test" time="58.567" errors="0" timestamp="2023-02-20T05:21:29 IST">
  <testcase classname="QA.SmokeTest" name="verify_IMDI_Page" time="34.996">
    <failure type="java.lang.AssertionError" message=" Release date is Not as per expected expected [December 17, 2021 (India)] but found [December 17, 2021 (United States)]">
      <![CDATA[java.lang.AssertionError:  Release date is Not as per expected expected [December 17, 2021 (India)] but found [December 17, 2021 (United States)]
at QA.SmokeTest.verify_IMDI_Page(SmokeTest.java:74)
at java.base/java.util.ArrayList.forEach(ArrayList.java:1511)
... Removed 32 stack frames]]>
    </failure>
  </testcase> <!-- verify_IMDI_Page -->
  <testcase classname="QA.SmokeTest" name="verify_WIKI_Page" time="9.381"/>
</testsuite> <!-- Test -->
